TN:
SF:dist/src/browser.js
FN:15,loadCassetteFromArrayBuffer
FN:27,subscribeToEvents
FN:68,(anonymous_2)
FNF:3
FNH:0
FNDA:0,loadCassetteFromArrayBuffer
FNDA:0,subscribeToEvents
FNDA:0,(anonymous_2)
DA:16,0
DA:17,0
DA:29,0
DA:31,0
DA:32,0
DA:33,0
DA:34,0
DA:35,0
DA:39,0
DA:42,0
DA:44,0
DA:45,0
DA:47,0
DA:48,0
DA:49,0
DA:51,0
DA:52,0
DA:54,0
DA:55,0
DA:60,0
DA:61,0
DA:63,0
DA:64,0
DA:68,0
DA:69,0
DA:70,0
LF:26
LH:0
BRDA:17,0,0,0
BRDA:17,0,1,0
BRDA:17,1,0,0
BRDA:17,1,1,0
BRDA:29,2,0,0
BRDA:29,2,1,0
BRDA:34,3,0,0
BRDA:34,3,1,0
BRDA:34,4,0,0
BRDA:34,4,1,0
BRDA:47,5,0,0
BRDA:47,5,1,0
BRDA:48,6,0,0
BRDA:48,6,1,0
BRDA:48,7,0,0
BRDA:48,7,1,0
BRDA:51,8,0,0
BRDA:51,8,1,0
BRDA:51,9,0,0
BRDA:51,9,1,0
BRDA:54,10,0,0
BRDA:54,10,1,0
BRDA:54,11,0,0
BRDA:54,11,1,0
BRDA:60,12,0,0
BRDA:60,12,1,0
BRDA:63,13,0,0
BRDA:63,13,1,0
BRDA:69,14,0,0
BRDA:69,14,1,0
BRF:30
BRH:0
end_of_record
TN:
SF:dist/src/browserMemory.js
FN:10,createBrowserMemoryManager
FN:15,(anonymous_1)
FN:32,(anonymous_2)
FN:78,(anonymous_3)
FN:105,(anonymous_4)
FN:111,(anonymous_5)
FN:139,(anonymous_6)
FNF:7
FNH:0
FNDA:0,createBrowserMemoryManager
FNDA:0,(anonymous_1)
FNDA:0,(anonymous_2)
FNDA:0,(anonymous_3)
FNDA:0,(anonymous_4)
FNDA:0,(anonymous_5)
FNDA:0,(anonymous_6)
DA:11,0
DA:12,0
DA:13,0
DA:15,0
DA:16,0
DA:17,0
DA:18,0
DA:19,0
DA:20,0
DA:23,0
DA:25,0
DA:26,0
DA:33,0
DA:34,0
DA:36,0
DA:38,0
DA:41,0
DA:42,0
DA:43,0
DA:44,0
DA:46,0
DA:47,0
DA:48,0
DA:52,0
DA:57,0
DA:58,0
DA:59,0
DA:61,0
DA:62,0
DA:63,0
DA:65,0
DA:66,0
DA:69,0
DA:70,0
DA:81,0
DA:82,0
DA:83,0
DA:84,0
DA:85,0
DA:87,0
DA:88,0
DA:89,0
DA:91,0
DA:93,0
DA:94,0
DA:97,0
DA:98,0
DA:106,0
DA:107,0
DA:109,0
DA:111,0
DA:112,0
DA:114,0
DA:115,0
DA:118,0
DA:120,0
DA:123,0
DA:124,0
DA:129,0
DA:132,0
DA:140,0
DA:141,0
DA:142,0
DA:143,0
DA:145,0
DA:146,0
DA:147,0
DA:149,0
DA:150,0
DA:151,0
DA:154,0
DA:155,0
LF:72
LH:0
BRDA:10,0,0,0
BRDA:18,1,0,0
BRDA:18,1,1,0
BRDA:33,2,0,0
BRDA:33,2,1,0
BRDA:41,3,0,0
BRDA:41,3,1,0
BRDA:46,4,0,0
BRDA:46,4,1,0
BRDA:46,5,0,0
BRDA:46,5,1,0
BRDA:46,5,2,0
BRDA:58,6,0,0
BRDA:58,6,1,0
BRDA:61,7,0,0
BRDA:61,7,1,0
BRDA:82,8,0,0
BRDA:82,8,1,0
BRDA:106,9,0,0
BRDA:106,9,1,0
BRDA:106,10,0,0
BRDA:106,10,1,0
BRDA:111,11,0,0
BRDA:114,12,0,0
BRDA:114,12,1,0
BRDA:141,13,0,0
BRDA:141,13,1,0
BRDA:146,14,0,0
BRDA:146,14,1,0
BRF:29
BRH:0
end_of_record
TN:
SF:dist/src/coreIntegration.js
FN:8,detectWasmCompilationTarget
FN:9,(anonymous_1)
FN:26,(anonymous_2)
FN:61,createMemoryManagerForInstance
FN:105,enhanceRequestProcessing
FN:107,(anonymous_5)
FN:150,(anonymous_6)
FN:153,(anonymous_7)
FN:244,formatEventResponse
FN:265,extractSubscriptionId
FNF:10
FNH:0
FNDA:0,detectWasmCompilationTarget
FNDA:0,(anonymous_1)
FNDA:0,(anonymous_2)
FNDA:0,createMemoryManagerForInstance
FNDA:0,enhanceRequestProcessing
FNDA:0,(anonymous_5)
FNDA:0,(anonymous_6)
FNDA:0,(anonymous_7)
FNDA:0,formatEventResponse
FNDA:0,extractSubscriptionId
DA:9,0
DA:10,0
DA:12,0
DA:18,0
DA:19,0
DA:21,0
DA:22,0
DA:24,0
DA:26,0
DA:27,0
DA:30,0
DA:31,0
DA:35,0
DA:36,0
DA:37,0
DA:38,0
DA:40,0
DA:41,0
DA:42,0
DA:43,0
DA:45,0
DA:46,0
DA:47,0
DA:48,0
DA:49,0
DA:52,0
DA:54,0
DA:62,0
DA:64,0
DA:66,0
DA:68,0
DA:69,0
DA:70,0
DA:73,0
DA:74,0
DA:75,0
DA:79,0
DA:80,0
DA:82,0
DA:83,0
DA:84,0
DA:87,0
DA:88,0
DA:91,0
DA:92,0
DA:93,0
DA:96,0
DA:97,0
DA:106,0
DA:107,0
DA:108,0
DA:109,0
DA:111,0
DA:112,0
DA:113,0
DA:114,0
DA:116,0
DA:117,0
DA:119,0
DA:120,0
DA:121,0
DA:122,0
DA:124,0
DA:126,0
DA:127,0
DA:128,0
DA:129,0
DA:131,0
DA:132,0
DA:134,0
DA:135,0
DA:137,0
DA:138,0
DA:140,0
DA:141,0
DA:143,0
DA:144,0
DA:146,0
DA:147,0
DA:150,0
DA:151,0
DA:152,0
DA:153,0
DA:154,0
DA:162,0
DA:163,0
DA:166,0
DA:171,0
DA:172,0
DA:173,0
DA:175,0
DA:176,0
DA:177,0
DA:178,0
DA:179,0
DA:181,0
DA:182,0
DA:183,0
DA:185,0
DA:186,0
DA:188,0
DA:189,0
DA:190,0
DA:191,0
DA:192,0
DA:193,0
DA:195,0
DA:196,0
DA:197,0
DA:198,0
DA:200,0
DA:202,0
DA:203,0
DA:207,0
DA:210,0
DA:211,0
DA:212,0
DA:213,0
DA:216,0
DA:220,0
DA:224,0
DA:225,0
DA:228,0
DA:233,0
DA:234,0
DA:236,0
DA:245,0
DA:246,0
DA:247,0
DA:249,0
DA:251,0
DA:254,0
DA:257,0
DA:266,0
DA:267,0
DA:268,0
DA:270,0
DA:271,0
DA:272,0
DA:273,0
DA:275,0
DA:276,0
DA:277,0
DA:279,0
DA:280,0
DA:281,0
DA:283,0
DA:284,0
DA:285,0
DA:286,0
DA:288,0
DA:289,0
DA:290,0
DA:292,0
DA:293,0
DA:296,0
DA:297,0
LF:157
LH:0
BRDA:9,0,0,0
BRDA:9,0,1,0
BRDA:26,1,0,0
BRDA:26,1,1,0
BRDA:30,2,0,0
BRDA:30,2,1,0
BRDA:35,3,0,0
BRDA:35,3,1,0
BRDA:35,4,0,0
BRDA:35,4,1,0
BRDA:40,5,0,0
BRDA:40,5,1,0
BRDA:40,6,0,0
BRDA:40,6,1,0
BRDA:45,7,0,0
BRDA:45,7,1,0
BRDA:45,8,0,0
BRDA:45,8,1,0
BRDA:62,9,0,0
BRDA:62,9,1,0
BRDA:68,10,0,0
BRDA:68,10,1,0
BRDA:70,11,0,0
BRDA:70,11,1,0
BRDA:73,12,0,0
BRDA:73,12,1,0
BRDA:79,13,0,0
BRDA:79,13,1,0
BRDA:82,14,0,0
BRDA:82,14,1,0
BRDA:82,15,0,0
BRDA:82,15,1,0
BRDA:91,16,0,0
BRDA:91,16,1,0
BRDA:93,17,0,0
BRDA:93,17,1,0
BRDA:97,18,0,0
BRDA:97,18,1,0
BRDA:112,19,0,0
BRDA:112,19,1,0
BRDA:117,20,0,0
BRDA:117,20,1,0
BRDA:121,21,0,0
BRDA:121,21,1,0
BRDA:121,22,0,0
BRDA:121,22,1,0
BRDA:124,23,0,0
BRDA:124,23,1,0
BRDA:126,24,0,0
BRDA:126,24,1,0
BRDA:131,25,0,0
BRDA:131,25,1,0
BRDA:131,26,0,0
BRDA:131,26,1,0
BRDA:134,27,0,0
BRDA:134,27,1,0
BRDA:134,28,0,0
BRDA:134,28,1,0
BRDA:137,29,0,0
BRDA:137,29,1,0
BRDA:137,30,0,0
BRDA:137,30,1,0
BRDA:140,31,0,0
BRDA:140,31,1,0
BRDA:143,32,0,0
BRDA:143,32,1,0
BRDA:146,33,0,0
BRDA:146,33,1,0
BRDA:150,34,0,0
BRDA:150,34,1,0
BRDA:151,35,0,0
BRDA:151,35,1,0
BRDA:162,36,0,0
BRDA:162,36,1,0
BRDA:173,37,0,0
BRDA:173,37,1,0
BRDA:177,38,0,0
BRDA:177,38,1,0
BRDA:178,39,0,0
BRDA:178,39,1,0
BRDA:181,40,0,0
BRDA:181,40,1,0
BRDA:181,41,0,0
BRDA:181,41,1,0
BRDA:185,42,0,0
BRDA:185,42,1,0
BRDA:192,43,0,0
BRDA:192,43,1,0
BRDA:193,44,0,0
BRDA:193,44,1,0
BRDA:195,45,0,0
BRDA:195,45,1,0
BRDA:195,46,0,0
BRDA:195,46,1,0
BRDA:197,47,0,0
BRDA:197,47,1,0
BRDA:202,48,0,0
BRDA:202,48,1,0
BRDA:202,49,0,0
BRDA:202,49,1,0
BRDA:210,50,0,0
BRDA:210,50,1,0
BRDA:211,51,0,0
BRDA:211,51,1,0
BRDA:211,52,0,0
BRDA:211,52,1,0
BRDA:211,52,2,0
BRDA:224,53,0,0
BRDA:224,53,1,0
BRDA:245,54,0,0
BRDA:245,54,1,0
BRDA:249,55,0,0
BRDA:249,55,1,0
BRDA:249,56,0,0
BRDA:249,56,1,0
BRDA:249,56,2,0
BRDA:249,56,3,0
BRDA:249,56,4,0
BRDA:271,57,0,0
BRDA:271,57,1,0
BRDA:275,58,0,0
BRDA:275,58,1,0
BRDA:279,59,0,0
BRDA:279,59,1,0
BRDA:284,60,0,0
BRDA:284,60,1,0
BRDA:288,61,0,0
BRDA:288,61,1,0
BRDA:296,62,0,0
BRDA:296,62,1,0
BRF:130
BRH:0
end_of_record
TN:
SF:dist/src/detector.js
FN:9,detectWasmCompilationTarget
FN:35,(anonymous_1)
FN:45,(anonymous_2)
FN:46,(anonymous_3)
FN:53,(anonymous_4)
FN:54,(anonymous_5)
FN:55,(anonymous_6)
FNF:7
FNH:0
FNDA:0,detectWasmCompilationTarget
FNDA:0,(anonymous_1)
FNDA:0,(anonymous_2)
FNDA:0,(anonymous_3)
FNDA:0,(anonymous_4)
FNDA:0,(anonymous_5)
FNDA:0,(anonymous_6)
DA:10,0
DA:11,0
DA:13,0
DA:14,0
DA:15,0
DA:16,0
DA:17,0
DA:19,0
DA:21,0
DA:22,0
DA:25,0
DA:28,0
DA:29,0
DA:32,0
DA:35,0
DA:36,0
DA:37,0
DA:38,0
DA:41,0
DA:45,0
DA:46,0
DA:47,0
DA:48,0
DA:51,0
DA:53,0
DA:54,0
DA:55,0
DA:56,0
DA:57,0
DA:60,0
DA:62,0
DA:65,0
DA:66,0
DA:69,0
DA:70,0
DA:73,0
DA:74,0
DA:76,0
DA:77,0
DA:79,0
LF:40
LH:0
BRDA:19,0,0,0
BRDA:19,0,1,0
BRDA:19,1,0,0
BRDA:19,1,1,0
BRDA:19,1,2,0
BRDA:25,2,0,0
BRDA:25,2,1,0
BRDA:25,3,0,0
BRDA:25,3,1,0
BRDA:25,3,2,0
BRDA:32,4,0,0
BRDA:32,4,1,0
BRDA:32,5,0,0
BRDA:32,5,1,0
BRDA:32,5,2,0
BRDA:32,5,3,0
BRDA:41,6,0,0
BRDA:41,6,1,0
BRDA:41,7,0,0
BRDA:41,7,1,0
BRDA:41,7,2,0
BRDA:41,7,3,0
BRDA:41,7,4,0
BRDA:41,7,5,0
BRDA:51,8,0,0
BRDA:51,8,1,0
BRDA:51,9,0,0
BRDA:51,9,1,0
BRDA:51,9,2,0
BRDA:51,9,3,0
BRDA:51,9,4,0
BRDA:60,10,0,0
BRDA:60,10,1,0
BRDA:60,11,0,0
BRDA:60,11,1,0
BRDA:65,12,0,0
BRDA:65,12,1,0
BRDA:65,13,0,0
BRDA:65,13,1,0
BRDA:69,14,0,0
BRDA:69,14,1,0
BRDA:73,15,0,0
BRDA:73,15,1,0
BRDA:73,16,0,0
BRDA:73,16,1,0
BRF:45
BRH:0
end_of_record
TN:
SF:dist/src/index.js
FN:20,isWebAssemblySupported
FNF:1
FNH:1
FNDA:14,isWebAssemblySupported
DA:16,6
DA:21,14
DA:28,6
LF:3
LH:3
BRDA:21,0,0,14
BRDA:21,0,1,14
BRDA:21,0,2,14
BRDA:29,1,0,6
BRDA:29,1,1,6
BRDA:29,1,2,6
BRDA:32,2,0,6
BRDA:32,2,1,0
BRF:8
BRH:7
end_of_record
TN:
SF:dist/src/loader.js
FN:18,findExportFunction
FN:48,(anonymous_1)
FN:56,(anonymous_2)
FN:78,(anonymous_3)
FN:105,(anonymous_4)
FN:234,(anonymous_5)
FN:346,loadCassette
FN:371,(anonymous_7)
FN:374,(anonymous_8)
FN:377,(anonymous_9)
FN:380,(anonymous_10)
FN:387,(anonymous_11)
FN:393,(anonymous_12)
FN:457,(anonymous_13)
FN:458,(anonymous_14)
FN:459,(anonymous_15)
FN:460,(anonymous_16)
FN:464,(anonymous_17)
FN:476,(anonymous_18)
FN:511,(anonymous_19)
FN:549,addDynamicImports
FN:579,createStubFunction
FN:583,(anonymous_22)
FN:590,(anonymous_23)
FN:596,(anonymous_24)
FN:607,mergeImports
FN:626,extractWasmResult
FNF:27
FNH:7
FNDA:0,findExportFunction
FNDA:3,(anonymous_1)
FNDA:3,(anonymous_2)
FNDA:0,(anonymous_3)
FNDA:1,(anonymous_4)
FNDA:0,(anonymous_5)
FNDA:3,loadCassette
FNDA:0,(anonymous_7)
FNDA:0,(anonymous_8)
FNDA:0,(anonymous_9)
FNDA:0,(anonymous_10)
FNDA:0,(anonymous_11)
FNDA:0,(anonymous_12)
FNDA:0,(anonymous_13)
FNDA:1,(anonymous_14)
FNDA:0,(anonymous_15)
FNDA:0,(anonymous_16)
FNDA:0,(anonymous_17)
FNDA:1,(anonymous_18)
FNDA:0,(anonymous_19)
FNDA:3,addDynamicImports
FNDA:0,createStubFunction
FNDA:0,(anonymous_22)
FNDA:0,(anonymous_23)
FNDA:0,(anonymous_24)
FNDA:0,mergeImports
FNDA:0,extractWasmResult
DA:6,6
DA:20,0
DA:21,0
DA:22,0
DA:26,0
DA:27,0
DA:28,0
DA:30,0
DA:31,0
DA:32,0
DA:34,0
DA:38,0
DA:42,0
DA:49,3
DA:50,3
DA:51,3
DA:52,3
DA:53,3
DA:57,3
DA:59,3
DA:61,0
DA:62,0
DA:63,0
DA:65,0
DA:66,0
DA:67,0
DA:68,0
DA:69,0
DA:70,0
DA:72,0
DA:75,3
DA:76,3
DA:79,0
DA:81,0
DA:83,0
DA:84,0
DA:85,0
DA:87,0
DA:88,0
DA:89,0
DA:90,0
DA:91,0
DA:92,0
DA:94,0
DA:97,0
DA:98,0
DA:99,0
DA:102,0
DA:103,0
DA:106,1
DA:107,1
DA:108,0
DA:111,1
DA:112,1
DA:113,1
DA:114,1
DA:115,1
DA:116,1
DA:118,1
DA:119,1
DA:124,0
DA:127,1
DA:128,1
DA:129,1
DA:130,1
DA:132,1
DA:133,1
DA:134,1
DA:135,0
DA:136,0
DA:140,0
DA:141,0
DA:144,1
DA:145,1
DA:146,1
DA:147,1
DA:148,0
DA:149,0
DA:153,0
DA:154,0
DA:157,1
DA:158,1
DA:159,1
DA:160,0
DA:161,0
DA:163,1
DA:165,1
DA:166,0
DA:167,0
DA:169,0
DA:170,0
DA:171,0
DA:172,0
DA:173,0
DA:174,0
DA:175,0
DA:177,0
DA:178,0
DA:179,0
DA:182,0
DA:184,0
DA:185,0
DA:186,0
DA:192,0
DA:193,0
DA:196,0
DA:197,0
DA:200,0
DA:203,1
DA:206,0
DA:207,0
DA:211,0
DA:212,0
DA:216,1
DA:217,1
DA:218,1
DA:221,0
DA:224,1
DA:225,1
DA:226,1
DA:229,0
DA:235,0
DA:236,0
DA:237,0
DA:238,0
DA:241,0
DA:242,0
DA:243,0
DA:244,0
DA:246,0
DA:247,0
DA:248,0
DA:249,0
DA:250,0
DA:254,0
DA:255,0
DA:258,0
DA:259,0
DA:260,0
DA:261,0
DA:262,0
DA:263,0
DA:267,0
DA:268,0
DA:271,0
DA:272,0
DA:273,0
DA:274,0
DA:275,0
DA:277,0
DA:280,0
DA:281,0
DA:284,0
DA:285,0
DA:286,0
DA:287,0
DA:289,0
DA:290,0
DA:291,0
DA:295,0
DA:299,0
DA:300,0
DA:304,0
DA:305,0
DA:306,0
DA:310,0
DA:311,0
DA:315,0
DA:316,0
DA:320,0
DA:321,0
DA:322,0
DA:325,0
DA:328,0
DA:329,0
DA:330,0
DA:333,0
DA:348,3
DA:349,3
DA:350,3
DA:352,3
DA:353,0
DA:356,3
DA:358,3
DA:359,3
DA:361,3
DA:363,3
DA:368,3
DA:372,0
DA:375,0
DA:378,0
DA:381,0
DA:382,0
DA:388,0
DA:389,0
DA:390,0
DA:391,0
DA:394,0
DA:395,0
DA:396,0
DA:397,0
DA:402,3
DA:406,3
DA:407,3
DA:408,3
DA:410,3
DA:412,3
DA:413,3
DA:415,3
DA:417,3
DA:420,3
DA:421,3
DA:422,3
DA:425,0
DA:426,0
DA:434,3
DA:435,3
DA:438,0
DA:439,0
DA:446,3
DA:447,3
DA:448,3
DA:450,3
DA:457,0
DA:458,1
DA:459,0
DA:460,0
DA:465,0
DA:477,1
DA:479,1
DA:480,1
DA:481,0
DA:483,0
DA:484,0
DA:485,0
DA:488,0
DA:492,0
DA:493,0
DA:494,0
DA:497,0
DA:501,1
DA:504,1
DA:508,3
DA:509,3
DA:511,3
DA:512,0
DA:513,0
DA:514,0
DA:515,0
DA:516,0
DA:521,3
DA:522,0
DA:523,0
DA:524,0
DA:526,3
DA:527,3
DA:536,0
DA:537,0
DA:551,3
DA:553,0
DA:554,0
DA:557,0
DA:558,0
DA:561,0
DA:563,0
DA:564,0
DA:566,0
DA:567,0
DA:568,0
DA:580,0
DA:582,0
DA:583,0
DA:584,0
DA:585,0
DA:589,0
DA:590,0
DA:591,0
DA:592,0
DA:596,0
DA:597,0
DA:598,0
DA:608,0
DA:610,0
DA:611,0
DA:612,0
DA:615,0
DA:617,0
DA:628,0
DA:629,0
DA:632,0
DA:633,0
DA:634,0
DA:636,0
DA:637,0
DA:639,0
DA:640,0
DA:642,0
DA:645,0
DA:646,0
DA:647,0
DA:648,0
DA:649,0
DA:650,0
DA:651,0
DA:652,0
DA:653,0
DA:654,0
DA:656,0
DA:657,0
DA:658,0
DA:662,0
DA:665,0
DA:666,0
DA:671,0
DA:672,0
DA:675,0
LF:316
LH:84
BRDA:21,0,0,0
BRDA:21,0,1,0
BRDA:21,1,0,0
BRDA:21,1,1,0
BRDA:27,2,0,0
BRDA:27,2,1,0
BRDA:34,3,0,0
BRDA:34,3,1,0
BRDA:34,4,0,0
BRDA:34,4,1,0
BRDA:34,4,2,0
BRDA:34,4,3,0
BRDA:48,5,0,0
BRDA:59,6,0,0
BRDA:59,6,1,3
BRDA:59,7,0,3
BRDA:59,7,1,0
BRDA:81,8,0,0
BRDA:81,8,1,0
BRDA:81,9,0,0
BRDA:81,9,1,0
BRDA:98,10,0,0
BRDA:98,10,1,0
BRDA:106,11,0,0
BRDA:106,11,1,1
BRDA:107,12,0,0
BRDA:107,12,1,1
BRDA:114,13,0,1
BRDA:114,13,1,0
BRDA:114,14,0,1
BRDA:114,14,1,1
BRDA:114,14,2,1
BRDA:118,15,0,1
BRDA:118,15,1,0
BRDA:134,16,0,0
BRDA:134,16,1,1
BRDA:147,17,0,0
BRDA:147,17,1,1
BRDA:159,18,0,0
BRDA:159,18,1,1
BRDA:159,19,0,1
BRDA:159,19,1,1
BRDA:163,20,0,0
BRDA:163,20,1,1
BRDA:165,21,0,0
BRDA:165,21,1,1
BRDA:173,22,0,0
BRDA:173,22,1,0
BRDA:173,23,0,0
BRDA:173,23,1,0
BRDA:177,24,0,0
BRDA:177,24,1,0
BRDA:182,25,0,0
BRDA:182,25,1,0
BRDA:182,26,0,0
BRDA:182,26,1,0
BRDA:182,26,2,0
BRDA:182,26,3,0
BRDA:182,26,4,0
BRDA:185,27,0,0
BRDA:185,27,1,0
BRDA:196,28,0,0
BRDA:196,28,1,0
BRDA:216,29,0,1
BRDA:216,29,1,0
BRDA:224,30,0,1
BRDA:224,30,1,0
BRDA:236,31,0,0
BRDA:236,31,1,0
BRDA:248,32,0,0
BRDA:248,32,1,0
BRDA:261,33,0,0
BRDA:261,33,1,0
BRDA:273,34,0,0
BRDA:273,34,1,0
BRDA:273,35,0,0
BRDA:273,35,1,0
BRDA:277,36,0,0
BRDA:277,36,1,0
BRDA:284,37,0,0
BRDA:284,37,1,0
BRDA:287,38,0,0
BRDA:287,38,1,0
BRDA:287,39,0,0
BRDA:287,39,1,0
BRDA:289,40,0,0
BRDA:289,40,1,0
BRDA:320,41,0,0
BRDA:320,41,1,0
BRDA:328,42,0,0
BRDA:328,42,1,0
BRDA:346,43,0,0
BRDA:352,44,0,0
BRDA:352,44,1,3
BRDA:352,45,0,3
BRDA:352,45,1,3
BRDA:353,46,0,0
BRDA:353,46,1,0
BRDA:356,47,0,3
BRDA:356,47,1,2
BRDA:364,48,0,3
BRDA:364,48,1,0
BRDA:402,49,0,0
BRDA:402,49,1,3
BRDA:446,50,0,3
BRDA:446,50,1,0
BRDA:446,50,2,0
BRDA:447,51,0,3
BRDA:447,51,1,0
BRDA:447,51,2,0
BRDA:448,52,0,3
BRDA:448,52,1,0
BRDA:448,52,2,0
BRDA:462,53,0,3
BRDA:462,53,1,0
BRDA:471,54,0,0
BRDA:471,54,1,0
BRDA:480,55,0,0
BRDA:480,55,1,1
BRDA:493,56,0,0
BRDA:493,56,1,0
BRDA:508,57,0,3
BRDA:508,57,1,0
BRDA:513,58,0,0
BRDA:513,58,1,0
BRDA:521,59,0,0
BRDA:521,59,1,3
BRDA:539,60,0,0
BRDA:539,60,1,0
BRDA:553,61,0,0
BRDA:553,61,1,0
BRDA:557,62,0,0
BRDA:557,62,1,0
BRDA:561,63,0,0
BRDA:561,63,1,0
BRDA:566,64,0,0
BRDA:566,64,1,0
BRDA:582,65,0,0
BRDA:582,65,1,0
BRDA:582,66,0,0
BRDA:582,66,1,0
BRDA:589,67,0,0
BRDA:589,67,1,0
BRDA:589,68,0,0
BRDA:589,68,1,0
BRDA:611,69,0,0
BRDA:611,69,1,0
BRDA:628,70,0,0
BRDA:628,70,1,0
BRDA:632,71,0,0
BRDA:632,71,1,0
BRDA:632,72,0,0
BRDA:632,72,1,0
BRDA:639,73,0,0
BRDA:639,73,1,0
BRDA:645,74,0,0
BRDA:645,74,1,0
BRDA:651,75,0,0
BRDA:651,75,1,0
BRDA:651,75,2,0
BRDA:656,76,0,0
BRDA:656,76,1,0
BRDA:665,77,0,0
BRDA:665,77,1,0
BRDA:665,78,0,0
BRDA:665,78,1,0
BRF:166
BRH:32
end_of_record
TN:
SF:dist/src/manager.js
FN:12,(anonymous_0)
FN:40,(anonymous_1)
FN:51,(anonymous_2)
FN:67,(anonymous_3)
FN:85,(anonymous_4)
FN:92,(anonymous_5)
FN:99,(anonymous_6)
FN:106,(anonymous_7)
FN:141,(anonymous_8)
FN:177,(anonymous_9)
FN:214,(anonymous_10)
FN:287,(anonymous_11)
FN:318,(anonymous_12)
FN:349,(anonymous_13)
FN:376,(anonymous_14)
FN:391,(anonymous_15)
FN:439,(anonymous_16)
FN:452,(anonymous_17)
FN:475,(anonymous_18)
FNF:19
FNH:8
FNDA:8,(anonymous_0)
FNDA:1,(anonymous_1)
FNDA:1,(anonymous_2)
FNDA:3,(anonymous_3)
FNDA:2,(anonymous_4)
FNDA:2,(anonymous_5)
FNDA:2,(anonymous_6)
FNDA:0,(anonymous_7)
FNDA:0,(anonymous_8)
FNDA:1,(anonymous_9)
FNDA:0,(anonymous_10)
FNDA:0,(anonymous_11)
FNDA:0,(anonymous_12)
FNDA:0,(anonymous_13)
FNDA:0,(anonymous_14)
FNDA:0,(anonymous_15)
FNDA:0,(anonymous_16)
FNDA:0,(anonymous_17)
FNDA:0,(anonymous_18)
DA:14,8
DA:16,8
DA:18,8
DA:19,0
DA:20,0
DA:22,8
DA:27,8
DA:28,8
DA:30,8
DA:31,0
DA:33,8
DA:41,1
DA:42,1
DA:44,1
DA:52,1
DA:53,0
DA:54,1
DA:55,1
DA:56,0
DA:57,1
DA:58,1
DA:59,1
DA:68,3
DA:69,1
DA:70,2
DA:71,2
DA:72,0
DA:73,2
DA:74,1
DA:75,1
DA:78,0
DA:86,2
DA:93,2
DA:100,2
DA:107,0
DA:108,0
DA:110,0
DA:112,0
DA:116,0
DA:117,0
DA:118,0
DA:120,0
DA:121,0
DA:124,0
DA:126,0
DA:127,0
DA:131,0
DA:133,0
DA:134,0
DA:142,0
DA:143,0
DA:145,0
DA:149,0
DA:150,0
DA:151,0
DA:153,0
DA:154,0
DA:157,0
DA:159,0
DA:160,0
DA:164,0
DA:166,0
DA:167,0
DA:178,1
DA:179,1
DA:181,1
DA:187,1
DA:188,1
DA:189,1
DA:190,1
DA:192,1
DA:193,1
DA:196,0
DA:198,0
DA:199,0
DA:203,0
DA:205,0
DA:206,0
DA:215,0
DA:216,0
DA:217,0
DA:218,0
DA:220,0
DA:221,0
DA:223,0
DA:224,0
DA:225,0
DA:228,0
DA:230,0
DA:231,0
DA:233,0
DA:234,0
DA:236,0
DA:239,0
DA:240,0
DA:241,0
DA:242,0
DA:245,0
DA:246,0
DA:250,0
DA:251,0
DA:252,0
DA:253,0
DA:254,0
DA:259,0
DA:260,0
DA:263,0
DA:268,0
DA:271,0
DA:273,0
DA:275,0
DA:280,0
DA:288,0
DA:289,0
DA:290,0
DA:291,0
DA:292,0
DA:294,0
DA:301,0
DA:302,0
DA:304,0
DA:311,0
DA:319,0
DA:320,0
DA:321,0
DA:322,0
DA:324,0
DA:325,0
DA:326,0
DA:328,0
DA:332,0
DA:335,0
DA:337,0
DA:342,0
DA:350,0
DA:351,0
DA:352,0
DA:353,0
DA:355,0
DA:361,0
DA:363,0
DA:377,0
DA:378,0
DA:379,0
DA:380,0
DA:382,0
DA:383,0
DA:385,0
DA:386,0
DA:392,0
DA:394,0
DA:395,0
DA:396,0
DA:398,0
DA:403,0
DA:409,0
DA:410,0
DA:411,0
DA:413,0
DA:414,0
DA:415,0
DA:416,0
DA:417,0
DA:418,0
DA:419,0
DA:420,0
DA:433,0
DA:440,0
DA:441,0
DA:442,0
DA:444,0
DA:445,0
DA:447,0
DA:453,0
DA:455,0
DA:456,0
DA:458,0
DA:459,0
DA:460,0
DA:464,0
DA:468,0
DA:470,0
DA:476,0
DA:480,0
DA:481,0
DA:482,0
DA:485,0
DA:488,0
LF:188
LH:36
BRDA:12,0,0,6
BRDA:18,1,0,0
BRDA:18,1,1,8
BRDA:27,2,0,8
BRDA:27,2,1,6
BRDA:30,3,0,0
BRDA:30,3,1,8
BRDA:41,4,0,1
BRDA:41,4,1,0
BRDA:52,5,0,0
BRDA:52,5,1,1
BRDA:55,6,0,0
BRDA:55,6,1,1
BRDA:58,7,0,1
BRDA:58,7,1,0
BRDA:68,8,0,1
BRDA:68,8,1,2
BRDA:71,9,0,0
BRDA:71,9,1,2
BRDA:110,10,0,0
BRDA:110,10,1,0
BRDA:116,11,0,0
BRDA:116,11,1,0
BRDA:116,12,0,0
BRDA:116,12,1,0
BRDA:131,13,0,0
BRDA:131,13,1,0
BRDA:133,14,0,0
BRDA:133,14,1,0
BRDA:149,15,0,0
BRDA:149,15,1,0
BRDA:149,16,0,0
BRDA:149,16,1,0
BRDA:164,17,0,0
BRDA:164,17,1,0
BRDA:166,18,0,0
BRDA:166,18,1,0
BRDA:177,19,0,1
BRDA:188,20,0,1
BRDA:188,20,1,0
BRDA:188,21,0,1
BRDA:188,21,1,1
BRDA:203,22,0,0
BRDA:203,22,1,0
BRDA:205,23,0,0
BRDA:205,23,1,0
BRDA:216,24,0,0
BRDA:216,24,1,0
BRDA:223,25,0,0
BRDA:223,25,1,0
BRDA:233,26,0,0
BRDA:233,26,1,0
BRDA:233,27,0,0
BRDA:233,27,1,0
BRDA:239,28,0,0
BRDA:239,28,1,0
BRDA:252,29,0,0
BRDA:252,29,1,0
BRDA:252,30,0,0
BRDA:252,30,1,0
BRDA:252,30,2,0
BRDA:271,31,0,0
BRDA:271,31,1,0
BRDA:273,32,0,0
BRDA:273,32,1,0
BRDA:278,33,0,0
BRDA:278,33,1,0
BRDA:301,34,0,0
BRDA:301,34,1,0
BRDA:307,35,0,0
BRDA:307,35,1,0
BRDA:320,36,0,0
BRDA:320,36,1,0
BRDA:320,37,0,0
BRDA:320,37,1,0
BRDA:335,38,0,0
BRDA:335,38,1,0
BRDA:340,39,0,0
BRDA:340,39,1,0
BRDA:351,40,0,0
BRDA:351,40,1,0
BRDA:361,41,0,0
BRDA:361,41,1,0
BRDA:366,42,0,0
BRDA:366,42,1,0
BRDA:378,43,0,0
BRDA:378,43,1,0
BRDA:394,44,0,0
BRDA:394,44,1,0
BRDA:394,45,0,0
BRDA:394,45,1,0
BRDA:416,46,0,0
BRDA:416,46,1,0
BRDA:419,47,0,0
BRDA:419,47,1,0
BRDA:440,48,0,0
BRDA:440,48,1,0
BRDA:440,49,0,0
BRDA:440,49,1,0
BRDA:458,50,0,0
BRDA:458,50,1,0
BRDA:481,51,0,0
BRDA:481,51,1,0
BRF:103
BRH:16
end_of_record
TN:
SF:dist/src/memory.js
FN:17,(anonymous_0)
FN:31,(anonymous_1)
FN:39,(anonymous_2)
FN:45,(anonymous_3)
FN:61,(anonymous_4)
FN:71,(anonymous_5)
FN:80,(anonymous_6)
FN:86,(anonymous_7)
FN:92,(anonymous_8)
FN:108,(anonymous_9)
FN:119,(anonymous_10)
FN:124,(anonymous_11)
FN:222,(anonymous_12)
FN:327,(anonymous_13)
FN:407,(anonymous_14)
FN:435,(anonymous_15)
FN:466,createMemoryManager
FNF:17
FNH:16
FNDA:11,(anonymous_0)
FNDA:66,(anonymous_1)
FNDA:24,(anonymous_2)
FNDA:9,(anonymous_3)
FNDA:1,(anonymous_4)
FNDA:5,(anonymous_5)
FNDA:0,(anonymous_6)
FNDA:1,(anonymous_7)
FNDA:9,(anonymous_8)
FNDA:5,(anonymous_9)
FNDA:64,(anonymous_10)
FNDA:64,(anonymous_11)
FNDA:1,(anonymous_12)
FNDA:6,(anonymous_13)
FNDA:5,(anonymous_14)
FNDA:3,(anonymous_15)
FNDA:6,createMemoryManager
DA:5,7
DA:6,7
DA:18,11
DA:19,11
DA:20,11
DA:21,11
DA:22,11
DA:23,11
DA:24,11
DA:25,10
DA:32,66
DA:33,66
DA:40,24
DA:46,9
DA:47,0
DA:49,9
DA:50,9
DA:53,0
DA:54,0
DA:62,1
DA:63,0
DA:64,1
DA:65,1
DA:72,5
DA:73,0
DA:74,5
DA:75,5
DA:81,0
DA:87,1
DA:93,9
DA:94,0
DA:96,9
DA:97,9
DA:109,5
DA:110,1
DA:111,1
DA:113,4
DA:115,4
DA:117,4
DA:118,4
DA:119,64
DA:121,4
DA:123,4
DA:124,64
DA:126,4
DA:129,4
DA:130,4
DA:132,4
DA:133,4
DA:134,4
DA:136,4
DA:137,0
DA:138,0
DA:141,4
DA:143,4
DA:144,0
DA:145,0
DA:148,4
DA:150,4
DA:151,4
DA:152,4
DA:154,4
DA:155,4
DA:156,4
DA:157,4
DA:160,0
DA:163,4
DA:166,0
DA:167,0
DA:171,0
DA:172,0
DA:174,0
DA:175,0
DA:176,0
DA:178,0
DA:180,0
DA:181,0
DA:184,0
DA:185,0
DA:186,0
DA:187,0
DA:190,0
DA:195,0
DA:197,0
DA:198,0
DA:199,0
DA:201,0
DA:202,0
DA:203,0
DA:206,0
DA:207,0
DA:208,0
DA:209,0
DA:212,0
DA:213,0
DA:223,1
DA:224,0
DA:225,0
DA:227,1
DA:229,1
DA:231,1
DA:233,1
DA:234,0
DA:235,0
DA:236,0
DA:237,0
DA:240,0
DA:241,0
DA:245,1
DA:246,0
DA:247,0
DA:248,0
DA:249,0
DA:252,0
DA:253,0
DA:257,1
DA:258,0
DA:259,0
DA:261,0
DA:262,0
DA:265,0
DA:266,0
DA:271,1
DA:272,1
DA:276,1
DA:277,1
DA:278,1
DA:279,1
DA:280,1
DA:281,1
DA:282,1
DA:283,1
DA:287,0
DA:292,1
DA:293,0
DA:294,0
DA:297,1
DA:298,1
DA:300,1
DA:301,0
DA:302,0
DA:303,0
DA:306,1
DA:307,42
DA:310,1
DA:311,0
DA:313,1
DA:314,1
DA:317,0
DA:318,0
DA:319,0
DA:328,6
DA:329,1
DA:330,1
DA:332,5
DA:334,5
DA:335,5
DA:336,4
DA:339,5
DA:341,5
DA:342,0
DA:343,0
DA:344,0
DA:345,0
DA:348,5
DA:349,5
DA:352,5
DA:353,5
DA:354,5
DA:355,5
DA:358,0
DA:359,0
DA:360,0
DA:361,0
DA:362,0
DA:366,0
DA:367,0
DA:371,0
DA:372,0
DA:373,0
DA:374,0
DA:376,0
DA:377,0
DA:378,0
DA:381,0
DA:383,0
DA:384,0
DA:387,0
DA:391,0
DA:393,0
DA:397,0
DA:399,0
DA:408,5
DA:409,0
DA:410,5
DA:411,5
DA:413,5
DA:415,4
DA:416,4
DA:417,4
DA:420,1
DA:421,43
DA:422,1
DA:426,0
DA:436,3
DA:437,3
DA:439,3
DA:440,3
DA:441,3
DA:442,0
DA:443,0
DA:446,3
DA:448,3
DA:449,3
DA:452,0
DA:453,0
DA:467,6
DA:468,0
DA:470,6
DA:471,6
LF:220
LH:117
BRDA:17,0,0,1
BRDA:24,1,0,10
BRDA:24,1,1,1
BRDA:32,2,0,66
BRDA:32,2,1,0
BRDA:46,3,0,0
BRDA:46,3,1,9
BRDA:62,4,0,0
BRDA:62,4,1,1
BRDA:72,5,0,0
BRDA:72,5,1,5
BRDA:93,6,0,0
BRDA:93,6,1,9
BRDA:93,7,0,9
BRDA:93,7,1,9
BRDA:97,8,0,9
BRDA:97,8,1,8
BRDA:97,8,2,8
BRDA:97,8,3,8
BRDA:109,9,0,1
BRDA:109,9,1,4
BRDA:117,10,0,4
BRDA:117,10,1,0
BRDA:124,11,0,49
BRDA:124,11,1,15
BRDA:124,12,0,64
BRDA:124,12,1,52
BRDA:129,13,0,4
BRDA:129,13,1,0
BRDA:136,14,0,0
BRDA:136,14,1,4
BRDA:136,15,0,4
BRDA:136,15,1,4
BRDA:143,16,0,0
BRDA:143,16,1,4
BRDA:143,17,0,4
BRDA:143,17,1,4
BRDA:152,18,0,4
BRDA:152,18,1,0
BRDA:154,19,0,4
BRDA:154,19,1,0
BRDA:154,20,0,4
BRDA:154,20,1,3
BRDA:154,20,2,4
BRDA:171,21,0,0
BRDA:171,21,1,0
BRDA:171,22,0,0
BRDA:171,22,1,0
BRDA:178,23,0,0
BRDA:178,23,1,0
BRDA:178,24,0,0
BRDA:178,24,1,0
BRDA:178,24,2,0
BRDA:178,24,3,0
BRDA:178,24,4,0
BRDA:186,25,0,0
BRDA:186,25,1,0
BRDA:198,26,0,0
BRDA:198,26,1,0
BRDA:201,27,0,0
BRDA:201,27,1,0
BRDA:208,28,0,0
BRDA:208,28,1,0
BRDA:223,29,0,0
BRDA:223,29,1,1
BRDA:227,30,0,0
BRDA:227,30,1,1
BRDA:233,31,0,0
BRDA:233,31,1,1
BRDA:245,32,0,0
BRDA:245,32,1,1
BRDA:257,33,0,0
BRDA:257,33,1,1
BRDA:277,34,0,1
BRDA:277,34,1,0
BRDA:281,35,0,1
BRDA:281,35,1,0
BRDA:292,36,0,0
BRDA:292,36,1,1
BRDA:300,37,0,0
BRDA:300,37,1,1
BRDA:310,38,0,0
BRDA:310,38,1,1
BRDA:328,39,0,1
BRDA:328,39,1,5
BRDA:335,40,0,4
BRDA:335,40,1,1
BRDA:341,41,0,0
BRDA:341,41,1,5
BRDA:348,42,0,5
BRDA:348,42,1,0
BRDA:358,43,0,0
BRDA:358,43,1,0
BRDA:372,44,0,0
BRDA:372,44,1,0
BRDA:377,45,0,0
BRDA:377,45,1,0
BRDA:377,46,0,0
BRDA:377,46,1,0
BRDA:408,47,0,0
BRDA:408,47,1,5
BRDA:413,48,0,4
BRDA:413,48,1,1
BRDA:420,49,0,43
BRDA:420,49,1,43
BRDA:421,50,0,1
BRDA:421,50,1,42
BRDA:441,51,0,0
BRDA:441,51,1,3
BRDA:466,52,0,0
BRDA:467,53,0,0
BRDA:467,53,1,6
BRF:112
BRH:58
end_of_record
TN:
SF:dist/src/types.js
FN:5,(anonymous_0)
FNF:1
FNH:0
FNDA:0,(anonymous_0)
DA:6,0
DA:7,0
LF:2
LH:0
BRF:0
BRH:0
end_of_record
TN:
SF:dist/src/utils.js
FN:7,isBrowser
FN:13,isNode
FN:23,readFileNode
FN:43,fetchFile
FN:87,generateCassetteId
FN:101,createLogger
FN:103,(anonymous_6)
FN:108,(anonymous_7)
FN:113,(anonymous_8)
FN:125,toArrayBuffer
FN:138,(anonymous_10)
FN:140,(anonymous_11)
FN:148,(anonymous_12)
FN:162,createEventTracker
FN:166,(anonymous_14)
FN:169,(anonymous_15)
FN:176,(anonymous_16)
FN:180,(anonymous_17)
FN:198,processCassetteResponse
FNF:19
FNH:10
FNDA:3,isBrowser
FNDA:5,isNode
FNDA:2,readFileNode
FNDA:2,fetchFile
FNDA:3,generateCassetteId
FNDA:14,createLogger
FNDA:48,(anonymous_6)
FNDA:0,(anonymous_7)
FNDA:0,(anonymous_8)
FNDA:3,toArrayBuffer
FNDA:0,(anonymous_10)
FNDA:0,(anonymous_11)
FNDA:0,(anonymous_12)
FNDA:6,createEventTracker
FNDA:1,(anonymous_14)
FNDA:0,(anonymous_15)
FNDA:0,(anonymous_16)
FNDA:0,(anonymous_17)
FNDA:0,processCassetteResponse
DA:8,3
DA:14,5
DA:24,2
DA:25,0
DA:27,2
DA:29,2
DA:30,2
DA:32,2
DA:35,0
DA:44,2
DA:46,2
DA:47,0
DA:48,0
DA:49,0
DA:51,0
DA:53,0
DA:56,2
DA:57,2
DA:59,2
DA:60,0
DA:61,0
DA:63,0
DA:65,0
DA:69,2
DA:70,2
DA:71,2
DA:73,0
DA:76,0
DA:79,0
DA:89,3
DA:91,3
DA:93,3
DA:102,14
DA:104,48
DA:105,36
DA:109,0
DA:110,0
DA:114,0
DA:115,0
DA:127,3
DA:128,0
DA:131,3
DA:132,1
DA:134,1
DA:137,2
DA:138,0
DA:139,0
DA:140,0
DA:141,0
DA:142,0
DA:145,0
DA:148,0
DA:149,0
DA:153,2
DA:154,2
DA:156,0
DA:163,6
DA:164,6
DA:167,1
DA:170,0
DA:171,0
DA:173,0
DA:174,0
DA:177,0
DA:178,0
DA:180,0
DA:181,0
DA:182,0
DA:184,0
DA:199,0
DA:200,0
DA:201,0
DA:203,0
DA:204,0
DA:209,0
DA:211,0
DA:212,0
DA:215,0
DA:216,0
DA:219,0
DA:220,0
DA:221,0
DA:222,0
DA:224,0
DA:225,0
DA:226,0
DA:227,0
DA:229,0
DA:230,0
DA:232,0
DA:233,0
DA:234,0
DA:237,0
DA:239,0
DA:241,0
DA:243,0
DA:244,0
DA:248,0
DA:251,0
DA:252,0
DA:253,0
DA:256,0
DA:257,0
DA:262,0
DA:263,0
DA:264,0
DA:266,0
LF:107
LH:31
BRDA:8,0,0,3
BRDA:8,0,1,0
BRDA:14,1,0,5
BRDA:14,1,1,5
BRDA:14,1,2,5
BRDA:24,2,0,0
BRDA:24,2,1,2
BRDA:35,3,0,0
BRDA:35,3,1,0
BRDA:46,4,0,0
BRDA:46,4,1,2
BRDA:48,5,0,0
BRDA:48,5,1,0
BRDA:56,6,0,2
BRDA:56,6,1,0
BRDA:60,7,0,0
BRDA:60,7,1,0
BRDA:69,8,0,2
BRDA:69,8,1,0
BRDA:69,9,0,2
BRDA:69,9,1,2
BRDA:70,10,0,0
BRDA:70,10,1,2
BRDA:79,11,0,0
BRDA:79,11,1,0
BRDA:101,12,0,0
BRDA:101,13,0,3
BRDA:104,14,0,36
BRDA:104,14,1,12
BRDA:109,15,0,0
BRDA:109,15,1,0
BRDA:114,16,0,0
BRDA:114,16,1,0
BRDA:127,17,0,0
BRDA:127,17,1,3
BRDA:131,18,0,1
BRDA:131,18,1,2
BRDA:137,19,0,0
BRDA:137,19,1,2
BRDA:137,20,0,2
BRDA:137,20,1,2
BRDA:141,21,0,0
BRDA:141,21,1,0
BRDA:153,22,0,2
BRDA:153,22,1,0
BRDA:170,23,0,0
BRDA:170,23,1,0
BRDA:177,24,0,0
BRDA:177,24,1,0
BRDA:177,25,0,0
BRDA:177,25,1,0
BRDA:181,26,0,0
BRDA:181,26,1,0
BRDA:181,27,0,0
BRDA:181,27,1,0
BRDA:181,27,2,0
BRDA:198,28,0,0
BRDA:199,29,0,0
BRDA:199,29,1,0
BRDA:219,30,0,0
BRDA:219,30,1,0
BRDA:224,31,0,0
BRDA:224,31,1,0
BRDA:230,32,0,0
BRDA:230,32,1,0
BRDA:232,33,0,0
BRDA:232,33,1,0
BRDA:239,34,0,0
BRDA:239,34,1,0
BRDA:243,35,0,0
BRDA:243,35,1,0
BRDA:251,36,0,0
BRDA:251,36,1,0
BRDA:252,37,0,0
BRDA:252,37,1,0
BRDA:262,38,0,0
BRDA:262,38,1,0
BRF:77
BRH:21
end_of_record
